<?xml version="1.0" encoding="UTF-8"?>
<!-- Generated by org.testng.reporters.JUnitReportReporter -->
<testsuite hostname="LAPTOP-NMLV2O94" failures="0" tests="3" name="fratello.edge.Test2" time="7.496" errors="0" timestamp="2022-09-27T14:36:22 IST" skipped="0">
  <testcase classname="fratello.edge.Test2" name="open_swiggy" time="1.547"/>
  <system-out/>
  <testcase classname="fratello.edge.Test2" name="open_zomato" time="2.886"/>
  <system-out/>
  <testcase classname="fratello.edge.Test2" name="open_abhibus" time="3.063"/>
  <system-out/>
</testsuite> <!-- fratello.edge.Test2 -->
